<?xml version="1.0" encoding="UTF-8"?>
<!-- Generated by org.testng.reporters.JUnitXMLReporter -->
<testsuite ignored="0" hostname="DESKTOP-1JPKL76" failures="0" tests="6" name="TestPakage" time="0.191" errors="0" timestamp="2021-11-01T17:44:57 IST">
  <testcase classname="TestPakage.HpTest" name="@BeforeTest launchBrowser" time="-1.635768897728E9">
    <failure type="org.testng.TestNGException" message="
Parameter &amp;apos;browser&amp;apos; is required by BeforeTest on method launchBrowser but has not been marked @Optional or defined
in C:\Users\Myhp\AppData\Local\Temp\testng-eclipse--77568487\testng-customsuite.xml">
      <![CDATA[org.testng.TestNGException: 
Parameter 'browser' is required by BeforeTest on method launchBrowser but has not been marked @Optional or defined
in C:\Users\Myhp\AppData\Local\Temp\testng-eclipse--77568487\testng-customsuite.xml
at org.testng.internal.Parameters.createParams(Parameters.java:270)
at org.testng.internal.Parameters.createParametersForMethod(Parameters.java:358)
at org.testng.internal.Parameters.createParameters(Parameters.java:700)
at org.testng.internal.Parameters.createConfigurationParameters(Parameters.java:168)
at org.testng.internal.ConfigInvoker.invokeConfigurations(ConfigInvoker.java:302)
at org.testng.TestRunner.invokeTestConfigurations(TestRunner.java:637)
at org.testng.TestRunner.beforeRun(TestRunner.java:627)
at org.testng.TestRunner.run(TestRunner.java:589)
at org.testng.SuiteRunner.runTest(SuiteRunner.java:377)
at org.testng.SuiteRunner.runSequentially(SuiteRunner.java:371)
at org.testng.SuiteRunner.privateRun(SuiteRunner.java:332)
at org.testng.SuiteRunner.run(SuiteRunner.java:276)
at org.testng.SuiteRunnerWorker.runSuite(SuiteRunnerWorker.java:53)
at org.testng.SuiteRunnerWorker.run(SuiteRunnerWorker.java:96)
at org.testng.TestNG.runSuitesSequentially(TestNG.java:1212)
at org.testng.TestNG.runSuitesLocally(TestNG.java:1134)
at org.testng.TestNG.runSuites(TestNG.java:1063)
at org.testng.TestNG.run(TestNG.java:1031)
at org.testng.remote.AbstractRemoteTestNG.run(AbstractRemoteTestNG.java:115)
at org.testng.remote.RemoteTestNG.initAndRun(RemoteTestNG.java:251)
at org.testng.remote.RemoteTestNG.main(RemoteTestNG.java:77)
]]>
    </failure>
  </testcase> <!-- @BeforeTest launchBrowser -->
  <testcase classname="TestPakage.fbTest" name="@BeforeTest launchBrowser" time="-1.635768897758E9">
    <skipped/>
  </testcase> <!-- @BeforeTest launchBrowser -->
  <testcase classname="TestPakage.fbTest" name="@BeforeClass launchApplication" time="-1.6357688978E9">
    <skipped/>
  </testcase> <!-- @BeforeClass launchApplication -->
  <testcase classname="TestPakage.fbTest" name="@BeforeMethod createObjects" time="-1.635768897823E9">
    <skipped/>
  </testcase> <!-- @BeforeMethod createObjects -->
  <testcase classname="TestPakage.fbTest" name="@BeforeMethod createObjects" time="-1.635768897843E9">
    <skipped/>
  </testcase> <!-- @BeforeMethod createObjects -->
  <testcase classname="TestPakage.fbTest" name="@BeforeMethod createObjects" time="-1.635768897852E9">
    <skipped/>
  </testcase> <!-- @BeforeMethod createObjects -->
  <testcase classname="TestPakage.fbTest" name="@AfterClass clearAllPomObjects" time="-1.63576889786E9">
    <skipped/>
  </testcase> <!-- @AfterClass clearAllPomObjects -->
  <testcase classname="TestPakage.HpTest" name="@BeforeClass launchApplication" time="-1.635768897862E9">
    <skipped/>
  </testcase> <!-- @BeforeClass launchApplication -->
  <testcase classname="TestPakage.HpTest" name="@BeforeMethod createObjects" time="-1.635768897866E9">
    <skipped/>
  </testcase> <!-- @BeforeMethod createObjects -->
  <testcase classname="TestPakage.HpTest" name="@BeforeMethod createObjects" time="-1.635768897874E9">
    <skipped/>
  </testcase> <!-- @BeforeMethod createObjects -->
  <testcase classname="TestPakage.HpTest" name="@BeforeMethod createObjects" time="-1.635768897886E9">
    <skipped/>
  </testcase> <!-- @BeforeMethod createObjects -->
  <testcase classname="TestPakage.HpTest" name="@AfterClass clearAllPomObjects" time="-1.635768897899E9">
    <skipped/>
  </testcase> <!-- @AfterClass clearAllPomObjects -->
  <testcase classname="TestPakage.HpTest" name="@AfterTest closeBrowser" time="-1.635768897903E9">
    <skipped/>
  </testcase> <!-- @AfterTest closeBrowser -->
  <testcase classname="TestPakage.fbTest" name="@AfterTest closeBrowser" time="-1.635768897907E9">
    <skipped/>
  </testcase> <!-- @AfterTest closeBrowser -->
  <testcase classname="TestPakage.fbTest" name="testOfloginFuctionality" time="0.0">
    <skipped/>
  </testcase> <!-- testOfloginFuctionality -->
  <testcase classname="TestPakage.fbTest" name="testOfMarketButton" time="0.0">
    <skipped/>
  </testcase> <!-- testOfMarketButton -->
  <testcase classname="TestPakage.fbTest" name="testOflogOutFunctionality" time="0.0">
    <skipped/>
  </testcase> <!-- testOflogOutFunctionality -->
  <testcase classname="TestPakage.HpTest" name="testOfloginFuctionality" time="0.0">
    <skipped/>
  </testcase> <!-- testOfloginFuctionality -->
  <testcase classname="TestPakage.HpTest" name="testOfMarketButton" time="0.001">
    <skipped/>
  </testcase> <!-- testOfMarketButton -->
  <testcase classname="TestPakage.HpTest" name="testOflogOutFunctionality" time="0.0">
    <skipped/>
  </testcase> <!-- testOflogOutFunctionality -->
</testsuite> <!-- TestPakage -->
